2021-12-14 04:48:49.298  INFO 9796 --- [main] c.e.spring.GestionDeDocumentApplication  : Starting GestionDeDocumentApplication using Java 1.8.0_60 on LAPTOP-6KR5KCJD with PID 9796 (C:\projets\gestion_de_document\target\classes started by 21696 in C:\projets\gestion_de_document)
2021-12-14 04:48:49.304  INFO 9796 --- [main] c.e.spring.GestionDeDocumentApplication  : No active profile set, falling back to default profiles: default
2021-12-14 04:48:49.871  INFO 9796 --- [main] .s.d.r.c.RepositoryConfigurationDelegate : Bootstrapping Spring Data JPA repositories in DEFAULT mode.
2021-12-14 04:48:49.922  INFO 9796 --- [main] .s.d.r.c.RepositoryConfigurationDelegate : Finished Spring Data repository scanning in 42 ms. Found 2 JPA repository interfaces.
2021-12-14 04:48:50.339  INFO 9796 --- [main] o.s.b.w.embedded.tomcat.TomcatWebServer  : Tomcat initialized with port(s): 8081 (http)
2021-12-14 04:48:50.349  INFO 9796 --- [main] o.apache.catalina.core.StandardService   : Starting service [Tomcat]
2021-12-14 04:48:50.349  INFO 9796 --- [main] org.apache.catalina.core.StandardEngine  : Starting Servlet engine: [Apache Tomcat/9.0.54]
2021-12-14 04:48:50.419  INFO 9796 --- [main] o.a.c.c.C.[.[localhost].[/SpringMVC]     : Initializing Spring embedded WebApplicationContext
2021-12-14 04:48:50.420  INFO 9796 --- [main] w.s.c.ServletWebServerApplicationContext : Root WebApplicationContext: initialization completed in 1078 ms
2021-12-14 04:48:50.577  INFO 9796 --- [main] o.hibernate.jpa.internal.util.LogHelper  : HHH000204: Processing PersistenceUnitInfo [name: default]
2021-12-14 04:48:50.623  INFO 9796 --- [main] org.hibernate.Version                    : HHH000412: Hibernate ORM core version 5.4.32.Final
2021-12-14 04:48:50.815  INFO 9796 --- [main] o.hibernate.annotations.common.Version   : HCANN000001: Hibernate Commons Annotations {5.1.2.Final}
2021-12-14 04:48:50.905  INFO 9796 --- [main] com.zaxxer.hikari.HikariDataSource       : HikariPool-1 - Starting...
2021-12-14 04:48:51.041  INFO 9796 --- [main] com.zaxxer.hikari.HikariDataSource       : HikariPool-1 - Start completed.
2021-12-14 04:48:51.056  INFO 9796 --- [main] org.hibernate.dialect.Dialect            : HHH000400: Using dialect: org.hibernate.dialect.MySQL5Dialect
2021-12-14 04:48:52.028  INFO 9796 --- [main] o.h.e.t.j.p.i.JtaPlatformInitiator       : HHH000490: Using JtaPlatform implementation: [org.hibernate.engine.transaction.jta.platform.internal.NoJtaPlatform]
2021-12-14 04:48:52.045  INFO 9796 --- [main] j.LocalContainerEntityManagerFactoryBean : Initialized JPA EntityManagerFactory for persistence unit 'default'
2021-12-14 04:48:52.444  WARN 9796 --- [main] JpaBaseConfiguration$JpaWebConfiguration : spring.jpa.open-in-view is enabled by default. Therefore, database queries may be performed during view rendering. Explicitly configure spring.jpa.open-in-view to disable this warning
2021-12-14 04:48:52.710  INFO 9796 --- [main] o.s.b.w.embedded.tomcat.TomcatWebServer  : Tomcat started on port(s): 8081 (http) with context path '/SpringMVC'
2021-12-14 04:48:52.717  INFO 9796 --- [main] c.e.spring.GestionDeDocumentApplication  : Started GestionDeDocumentApplication in 3.771 seconds (JVM running for 4.452)
2021-12-14 04:50:03.385  INFO 9796 --- [RMI TCP Connection(9)-127.0.0.1] inMXBeanRegistrar$SpringApplicationAdmin : Application shutdown requested.
2021-12-14 04:50:03.577  INFO 9796 --- [RMI TCP Connection(9)-127.0.0.1] j.LocalContainerEntityManagerFactoryBean : Closing JPA EntityManagerFactory for persistence unit 'default'
2021-12-14 04:50:03.578  INFO 9796 --- [RMI TCP Connection(9)-127.0.0.1] com.zaxxer.hikari.HikariDataSource       : HikariPool-1 - Shutdown initiated...
2021-12-14 04:50:03.585  INFO 9796 --- [RMI TCP Connection(9)-127.0.0.1] com.zaxxer.hikari.HikariDataSource       : HikariPool-1 - Shutdown completed.
